ProxyChains-3.1 (http://proxychains.sf.net)
fimap v.1.00_svn (My life for Aiur)
:: Automatic LFI/RFI scanner and exploiter
:: by Iman Karim (fimap.dev@gmail.com)

AutoAwesome mode engaging URL 'http://bransonparksandrecreation.com'...
Requesting 'http://bransonparksandrecreation.com'...
An input field doesn't have an 'name' attribute! Skipping it.
Analyzing form 'Unnamed Form #1' for file inclusion bugs.
[13:14:55] [OUT] Inspecting URL 'http://bransonparksandrecreation.com&?q=&sitesearch=bransonparksandrecreation.com'...
[13:14:55] [INFO] Fiddling around with URL...
Starting harvester engine to get links (Depth: 0)...
Harvesting done. 69 links found. Analyzing links now...
[13:14:58] [OUT] Inspecting URL 'http://bransonparksandrecreation.com/index.php'...
[13:14:58] [OUT] Inspecting URL 'http://bransonparksandrecreation.com/page.php?id=8'...
[13:14:58] [INFO] Fiddling around with URL...
[13:15:06] [OUT] Inspecting URL 'http://bransonparksandrecreation.com/page.php?id=9'...
[13:15:06] [INFO] Fiddling around with URL...
[13:15:07] [OUT] Inspecting URL 'http://bransonparksandrecreation.com/page.php?id=10'...
[13:15:07] [INFO] Fiddling around with URL...
[13:15:08] [OUT] Inspecting URL 'http://bransonparksandrecreation.com/page.php?id=73'...
[13:15:08] [INFO] Fiddling around with URL...
[13:15:09] [OUT] Inspecting URL 'http://bransonparksandrecreation.com/page.php?id=11'...
[13:15:09] [INFO] Fiddling around with URL...
[13:15:10] [OUT] Inspecting URL 'http://bransonparksandrecreation.com/page.php?id=95'...
[13:15:10] [INFO] Fiddling around with URL...
[13:15:12] [OUT] Inspecting URL 'http://bransonparksandrecreation.com/page.php?id=12'...
[13:15:12] [INFO] Fiddling around with URL...
[13:15:15] [OUT] Inspecting URL 'http://bransonparksandrecreation.com/page.php?id=13'...
[13:15:15] [INFO] Fiddling around with URL...
[13:15:16] [OUT] Inspecting URL 'http://bransonparksandrecreation.com/page.php?id=15'...
[13:15:16] [INFO] Fiddling around with URL...
[13:15:17] [OUT] Inspecting URL 'http://bransonparksandrecreation.com/page.php?id=91'...
[13:15:17] [INFO] Fiddling around with URL...
[13:15:18] [OUT] Inspecting URL 'http://bransonparksandrecreation.com/page.php?id=37'...
[13:15:18] [INFO] Fiddling around with URL...
[13:15:19] [OUT] Inspecting URL 'http://bransonparksandrecreation.com/page.php?id=90'...
[13:15:19] [INFO] Fiddling around with URL...
[13:15:20] [OUT] Inspecting URL 'http://bransonparksandrecreation.com/page.php?id=2'...
[13:15:20] [INFO] Fiddling around with URL...
[13:15:21] [OUT] Inspecting URL 'http://bransonparksandrecreation.com/page.php?id=80'...
[13:15:21] [INFO] Fiddling around with URL...
[13:15:22] [OUT] Inspecting URL 'http://bransonparksandrecreation.com/page.php?id=48'...
[13:15:22] [INFO] Fiddling around with URL...
[13:15:23] [OUT] Inspecting URL 'http://bransonparksandrecreation.com/page.php?id=16'...
[13:15:23] [INFO] Fiddling around with URL...
[13:15:31] [OUT] Inspecting URL 'http://bransonparksandrecreation.com/page.php?id=53'...
[13:15:31] [INFO] Fiddling around with URL...
[13:15:35] [OUT] Inspecting URL 'http://bransonparksandrecreation.com/page.php?id=52'...
[13:15:35] [INFO] Fiddling around with URL...
[13:15:36] [OUT] Inspecting URL 'http://bransonparksandrecreation.com/page.php?id=51'...
[13:15:36] [INFO] Fiddling around with URL...
[13:15:37] [OUT] Inspecting URL 'http://bransonparksandrecreation.com/page.php?id=50'...
[13:15:37] [INFO] Fiddling around with URL...
[13:15:38] [OUT] Inspecting URL 'http://bransonparksandrecreation.com/page.php?id=49'...
[13:15:38] [INFO] Fiddling around with URL...
[13:15:39] [OUT] Inspecting URL 'http://bransonparksandrecreation.com/page.php?id=78'...
[13:15:39] [INFO] Fiddling around with URL...
[13:15:40] [OUT] Inspecting URL 'http://bransonparksandrecreation.com/sports.php?id=2'...
[13:15:40] [INFO] Fiddling around with URL...
[13:15:44] [OUT] Inspecting URL 'http://bransonparksandrecreation.com/sports.php?id=6'...
[13:15:44] [INFO] Fiddling around with URL...
[13:15:48] [OUT] Inspecting URL 'http://bransonparksandrecreation.com/sports.php?id=8'...
[13:15:48] [INFO] Fiddling around with URL...
[13:15:49] [OUT] Inspecting URL 'http://bransonparksandrecreation.com/sports.php?id=9'...
[13:15:49] [INFO] Fiddling around with URL...

Cancelled current target...
Press CTRL+C again in the next second to terminate fimap.
[13:15:53] [OUT] Inspecting URL 'http://bransonparksandrecreation.com/sports.php?id=1'...
[13:15:53] [INFO] Fiddling around with URL...
[13:15:54] [OUT] Inspecting URL 'http://bransonparksandrecreation.com/sports.php?id=4'...
[13:15:54] [INFO] Fiddling around with URL...
[13:15:55] [OUT] Inspecting URL 'http://bransonparksandrecreation.com/sports.php?id=5'...
[13:15:55] [INFO] Fiddling around with URL...
[13:15:57] [OUT] Inspecting URL 'http://bransonparksandrecreation.com/sports.php?id=11'...
[13:15:57] [INFO] Fiddling around with URL...
[13:15:59] [OUT] Inspecting URL 'http://bransonparksandrecreation.com/page.php?id=21'...
[13:15:59] [INFO] Fiddling around with URL...
[13:16:00] [OUT] Inspecting URL 'http://bransonparksandrecreation.com/page.php?id=22'...
[13:16:00] [INFO] Fiddling around with URL...
[13:16:01] [OUT] Inspecting URL 'http://bransonparksandrecreation.com/page.php?id=85'...
[13:16:01] [INFO] Fiddling around with URL...
[13:16:02] [OUT] Inspecting URL 'http://bransonparksandrecreation.com/page.php?id=23'...
[13:16:02] [INFO] Fiddling around with URL...
[13:16:03] [OUT] Inspecting URL 'http://bransonparksandrecreation.com/page.php?id=86'...
[13:16:03] [INFO] Fiddling around with URL...
[13:16:04] [OUT] Inspecting URL 'http://bransonparksandrecreation.com/page.php?id=87'...
[13:16:04] [INFO] Fiddling around with URL...
[13:16:05] [OUT] Inspecting URL 'http://bransonparksandrecreation.com/page.php?id=93'...
[13:16:05] [INFO] Fiddling around with URL...
[13:16:07] [OUT] Inspecting URL 'http://bransonparksandrecreation.com/page.php?id=26'...
[13:16:07] [INFO] Fiddling around with URL...
[13:16:09] [OUT] Inspecting URL 'http://bransonparksandrecreation.com/page.php?id=27'...
[13:16:09] [INFO] Fiddling around with URL...
[13:16:24] [OUT] Inspecting URL 'http://bransonparksandrecreation.com/page.php?id=28'...
[13:16:24] [INFO] Fiddling around with URL...
[13:16:36] [OUT] Inspecting URL 'http://bransonparksandrecreation.com/page.php?id=29'...
[13:16:36] [INFO] Fiddling around with URL...
[13:16:38] [OUT] Inspecting URL 'http://bransonparksandrecreation.com/page.php?id=30'...
[13:16:38] [INFO] Fiddling around with URL...
[13:16:39] [OUT] Inspecting URL 'http://bransonparksandrecreation.com/page.php?id=31'...
[13:16:39] [INFO] Fiddling around with URL...
[13:16:40] [OUT] Inspecting URL 'http://bransonparksandrecreation.com/page.php?id=41'...
[13:16:40] [INFO] Fiddling around with URL...
[13:16:42] [OUT] Inspecting URL 'http://bransonparksandrecreation.com/page.php?id=42'...
[13:16:42] [INFO] Fiddling around with URL...
[13:16:43] [OUT] Inspecting URL 'http://bransonparksandrecreation.com/page.php?id=40'...
[13:16:43] [INFO] Fiddling around with URL...
[13:16:45] [OUT] Inspecting URL 'http://bransonparksandrecreation.com/page.php?id=72'...
[13:16:45] [INFO] Fiddling around with URL...
[13:16:46] [OUT] Inspecting URL 'http://bransonparksandrecreation.com/page.php?id=98'...
[13:16:46] [INFO] Fiddling around with URL...
[13:16:47] [OUT] Inspecting URL 'http://bransonparksandrecreation.com/page.php?id=57'...
[13:16:47] [INFO] Fiddling around with URL...
[13:16:49] [OUT] Inspecting URL 'http://bransonparksandrecreation.com/page.php?id=60'...
[13:16:49] [INFO] Fiddling around with URL...
[13:16:50] [OUT] Inspecting URL 'http://bransonparksandrecreation.com/page.php?id=62'...
[13:16:50] [INFO] Fiddling around with URL...
[13:16:51] [OUT] Inspecting URL 'http://bransonparksandrecreation.com/page.php?id=63'...
[13:16:51] [INFO] Fiddling around with URL...
[13:16:53] [OUT] Inspecting URL 'http://bransonparksandrecreation.com/page.php?id=66'...
[13:16:53] [INFO] Fiddling around with URL...
[13:16:54] [OUT] Inspecting URL 'http://bransonparksandrecreation.com/page.php?id=67'...
[13:16:54] [INFO] Fiddling around with URL...
[13:16:56] [OUT] Inspecting URL 'http://bransonparksandrecreation.com/page.php?id=68'...
[13:16:56] [INFO] Fiddling around with URL...
[13:16:57] [OUT] Inspecting URL 'http://bransonparksandrecreation.com/page.php?id=69'...
[13:16:57] [INFO] Fiddling around with URL...
[13:16:58] [OUT] Inspecting URL 'http://bransonparksandrecreation.com/page.php?id=77'...
[13:16:58] [INFO] Fiddling around with URL...
[13:17:00] [OUT] Inspecting URL 'http://bransonparksandrecreation.com/page.php?id=76'...
[13:17:00] [INFO] Fiddling around with URL...
[13:17:01] [OUT] Inspecting URL 'http://bransonparksandrecreation.com/page.php?id=96'...
[13:17:01] [INFO] Fiddling around with URL...
[13:17:03] [OUT] Inspecting URL 'http://bransonparksandrecreation.com/page.php?id=97'...
[13:17:03] [INFO] Fiddling around with URL...
[13:17:04] [OUT] Inspecting URL 'http://bransonparksandrecreation.com/page.php?id=84'...
[13:17:04] [INFO] Fiddling around with URL...
[13:17:05] [OUT] Inspecting URL 'http://bransonparksandrecreation.com/page.php?id=70'...
[13:17:05] [INFO] Fiddling around with URL...
[13:17:07] [OUT] Inspecting URL 'http://bransonparksandrecreation.com/page.php?id=32'...
[13:17:07] [INFO] Fiddling around with URL...
[13:17:08] [OUT] Inspecting URL 'http://bransonparksandrecreation.com/page.php?id=33'...
[13:17:08] [INFO] Fiddling around with URL...
[13:17:09] [OUT] Inspecting URL 'http://bransonparksandrecreation.com/page.php?id=34'...
[13:17:09] [INFO] Fiddling around with URL...
[13:17:11] [OUT] Inspecting URL 'http://bransonparksandrecreation.com/page.php?id=89'...
[13:17:11] [INFO] Fiddling around with URL...
[13:17:12] [OUT] Inspecting URL 'http://bransonparksandrecreation.com/page.php?id=88'...
[13:17:12] [INFO] Fiddling around with URL...
[13:17:14] [OUT] Inspecting URL 'http://bransonparksandrecreation.com/page.php?id=38'...
[13:17:14] [INFO] Fiddling around with URL...
AutoAwesome is done.
