/derniers_commentaires.php?rep=
/coppermine/themes/maze/theme.php?THEME_DIR=
/index.php?action=
/include/new-visitor.inc.php?lvc_include_dir=
/default.php?page=
/library/lib.php?root=
/includes/header.php?systempath=
/include/db.php?GLOBALS[rootdp]=
/allmylinks/include/info.inc.php?_AMVconfig[cfg_serverpath]=
/index.php?cat=
/Gallery/displayCategory.php?basepath=
/modules/coppermine/themes/default/theme.php?THEME_DIR=
/index1.php?p=
/pivot/modules/module_db.php?pivot_path=
/e107/e107_handlers/secure_img_render.php?p=
/poll/admin/common.inc.php?base_path=
/modules/xgallery/upgrade_album.php?GALLERY_BASEDIR=
/modules/agendax/addevent.inc.php?agendax_path=
/modules/mod_mainmenu.php?mosConfig_absolute_path=
/pivot/modules/module_db.php?pivot_path=
