"Index of" +/wp-content/themes/Centum/
"Index of" +/wp-content/themes/Avada/
"Index of" +/wp-content/themes/medicate/
"Index of" +/wp-content/themes/striking_r/
"Index of" +/wp-content/themes/beach_apollo/
inurl:/themify/themify-ajax.php
inurl:/themify-ajax.php?upload=
inurl:/wp-content/themes/
inurl:wp-content
inurl:wp-content/themes/
inurl:wp-content inurl:revslider
inurl:wp-content intext:revslider.php
inurl:wp-content intext:revslider_front.php
inurl:wp-content intext:revslider.php site:il
themes/WP-Smartcheck
themes/stendhal
theme/templates/sliders
themes/RoyalOak
themes/celestino2
plugins/dnd-shortcodes
themes/incrediblewp
themes/celestino
plugins/meteor-extras
themes/bazar
themes/cheope
themes/aziza

